<<<<<<< Updated upstream
[info] Log at : 2022/12/15|08:15:06|GMT+0800

[info] Log at : 2022/12/20|08:19:53|GMT+0800

[info] Log at : 2022/12/20|17:17:08|GMT+0800

[info] Log at : 2022/12/21|16:07:29|GMT+0800

[info] Log at : 2022/12/21|16:50:01|GMT+0800

[info] Log at : 2022/12/21|16:51:00|GMT+0800

[info] Log at : 2022/12/26|08:10:21|GMT+0800

[info] Log at : 2022/12/26|19:58:56|GMT+0800

[info] Log at : 2022/12/28|11:13:59|GMT+0800

[info] Log at : 2022/12/30|16:44:14|GMT+0800

[info] Log at : 2023/1/4|14:46:10|GMT+0800

[info] Log at : 2023/1/9|14:38:01|GMT+0800

[info] Log at : 2023/2/10|08:14:52|GMT+0800

[info] Log at : 2023/2/10|11:13:10|GMT+0800

[info] Log at : 2023/4/11|10:22:38|GMT+0800

[info] Log at : 2023/4/11|10:24:04|GMT+0800

[info] Log at : 2023/4/11|10:34:21|GMT+0800

[info] Log at : 2023/4/11|10:56:49|GMT+0800

[info] Log at : 2023/4/11|11:09:50|GMT+0800
=======
[info] Log at : 2023/4/13|16:06:24|GMT+0800
>>>>>>> Stashed changes

[info] Log at : 2023/4/13|19:01:48|GMT+0800

[SyntaxError: Unexpected token < in JSON at position 39
	at JSON.parse (<anonymous>)
	at F.updateCppProperties (c:\Users\Frank.Meng\.vscode\extensions\cl.keil-assistant-1.7.0\dist\extension.js:1:10911)
	at F.<anonymous> (c:\Users\Frank.Meng\.vscode\extensions\cl.keil-assistant-1.7.0\dist\extension.js:1:12641)
	at Generator.next (<anonymous>)
	at c:\Users\Frank.Meng\.vscode\extensions\cl.keil-assistant-1.7.0\dist\extension.js:1:4542
	at new Promise (<anonymous>)
	at r (c:\Users\Frank.Meng\.vscode\extensions\cl.keil-assistant-1.7.0\dist\extension.js:1:4287)
	at F.load (c:\Users\Frank.Meng\.vscode\extensions\cl.keil-assistant-1.7.0\dist\extension.js:1:11372)
	at w.<anonymous> (c:\Users\Frank.Meng\.vscode\extensions\cl.keil-assistant-1.7.0\dist\extension.js:1:8799)
	at Generator.next (<anonymous>)
	at a (c:\Users\Frank.Meng\.vscode\extensions\cl.keil-assistant-1.7.0\dist\extension.js:1:4344)]
[info] Log at : 2023/4/17|15:31:28|GMT+0800

[info] Log at : 2023/5/12|14:45:00|GMT+0800

[info] Log at : 2023/5/16|14:07:24|GMT+0800

[info] Log at : 2023/5/17|18:27:22|GMT+0800

[info] Log at : 2023/5/18|08:58:12|GMT+0800

[info] Log at : 2023/5/19|08:22:51|GMT+0800

[info] Log at : 2023/5/22|15:38:45|GMT+0800

[info] Log at : 2023/5/22|19:01:22|GMT+0800

[info] Log at : 2023/5/27|09:16:35|GMT+0800

[info] Log at : 2023/5/27|10:21:47|GMT+0800

[info] Log at : 2023/5/30|08:43:46|GMT+0800

[info] Log at : 2023/6/6|08:23:06|GMT+0800

[info] Log at : 2023/6/6|17:24:53|GMT+0800

[info] Log at : 2023/8/31|10:27:59|GMT+0800

